C:\USERS\AMSD\DOCUMENTS\VISUAL STUDIO 2010\PROJECTS\MULTISHADER\MULTISHADER\RELEASE\CONTROLS.OBJ
C:\USERS\AMSD\DOCUMENTS\VISUAL STUDIO 2010\PROJECTS\MULTISHADER\MULTISHADER\RELEASE\MAIN.OBJ
C:\USERS\AMSD\DOCUMENTS\VISUAL STUDIO 2010\PROJECTS\MULTISHADER\MULTISHADER\RELEASE\MULTISHADER.EXE.INTERMEDIATE.MANIFEST
C:\USERS\AMSD\DOCUMENTS\VISUAL STUDIO 2010\PROJECTS\MULTISHADER\MULTISHADER\RELEASE\SHADER.OBJ
C:\USERS\AMSD\DOCUMENTS\VISUAL STUDIO 2010\PROJECTS\MULTISHADER\MULTISHADER\RELEASE\TRIMODEL.OBJ
C:\USERS\AMSD\DOCUMENTS\VISUAL STUDIO 2010\PROJECTS\MULTISHADER\MULTISHADER\RELEASE\VC100.PDB
C:\USERS\AMSD\DOCUMENTS\VISUAL STUDIO 2010\PROJECTS\MULTISHADER\RELEASE\MULTISHADER.EXE
C:\USERS\AMSD\DOCUMENTS\VISUAL STUDIO 2010\PROJECTS\MULTISHADER\RELEASE\MULTISHADER.PDB
C:\Users\liwuen\Desktop\F01922152\F01922152\MultiShader Part 1\MultiShader\Release\cl.command.1.tlog
C:\Users\liwuen\Desktop\F01922152\F01922152\MultiShader Part 1\MultiShader\Release\CL.read.1.tlog
C:\Users\liwuen\Desktop\F01922152\F01922152\MultiShader Part 1\MultiShader\Release\CL.write.1.tlog
C:\USERS\LIWUEN\DESKTOP\F01922152\F01922152\MULTISHADER PART 1\MULTISHADER\RELEASE\CONTROLS.OBJ
C:\Users\liwuen\Desktop\F01922152\F01922152\MultiShader Part 1\MultiShader\Release\link.command.1.tlog
C:\Users\liwuen\Desktop\F01922152\F01922152\MultiShader Part 1\MultiShader\Release\link.read.1.tlog
C:\Users\liwuen\Desktop\F01922152\F01922152\MultiShader Part 1\MultiShader\Release\link.write.1.tlog
C:\USERS\LIWUEN\DESKTOP\F01922152\F01922152\MULTISHADER PART 1\MULTISHADER\RELEASE\MAIN.OBJ
C:\Users\liwuen\Desktop\F01922152\F01922152\MultiShader Part 1\MultiShader\Release\mt.command.1.tlog
C:\Users\liwuen\Desktop\F01922152\F01922152\MultiShader Part 1\MultiShader\Release\mt.read.1.tlog
C:\Users\liwuen\Desktop\F01922152\F01922152\MultiShader Part 1\MultiShader\Release\mt.write.1.tlog
C:\USERS\LIWUEN\DESKTOP\F01922152\F01922152\MULTISHADER PART 1\MULTISHADER\RELEASE\MULTISHADER.EXE.INTERMEDIATE.MANIFEST
C:\USERS\LIWUEN\DESKTOP\F01922152\F01922152\MULTISHADER PART 1\MULTISHADER\RELEASE\SHADER.OBJ
C:\USERS\LIWUEN\DESKTOP\F01922152\F01922152\MULTISHADER PART 1\MULTISHADER\RELEASE\TEXTFILE.OBJ
C:\USERS\LIWUEN\DESKTOP\F01922152\F01922152\MULTISHADER PART 1\MULTISHADER\RELEASE\TRIMODEL.OBJ
C:\USERS\LIWUEN\DESKTOP\F01922152\F01922152\MULTISHADER PART 1\MULTISHADER\RELEASE\VC100.PDB
C:\USERS\LIWUEN\DESKTOP\F01922152\F01922152\MULTISHADER PART 1\RELEASE\MULTISHADER.EXE
C:\USERS\LIWUEN\DESKTOP\F01922152\F01922152\MULTISHADER PART 1\RELEASE\MULTISHADER.PDB
C:\USERS\LIWUEN\DESKTOP\TAREA COMPUTER GRAPHICS DROPBOX\NEW TESTS\SIMPLE_SHADING\SIMPLE_SHADING\MULTISHADER PART 1\MULTISHADER\RELEASE\CONTROLS.OBJ
C:\USERS\LIWUEN\DESKTOP\TAREA COMPUTER GRAPHICS DROPBOX\NEW TESTS\SIMPLE_SHADING\SIMPLE_SHADING\MULTISHADER PART 1\MULTISHADER\RELEASE\MAIN.OBJ
C:\USERS\LIWUEN\DESKTOP\TAREA COMPUTER GRAPHICS DROPBOX\NEW TESTS\SIMPLE_SHADING\SIMPLE_SHADING\MULTISHADER PART 1\MULTISHADER\RELEASE\MULTISHADER.EXE.INTERMEDIATE.MANIFEST
C:\USERS\LIWUEN\DESKTOP\TAREA COMPUTER GRAPHICS DROPBOX\NEW TESTS\SIMPLE_SHADING\SIMPLE_SHADING\MULTISHADER PART 1\MULTISHADER\RELEASE\SHADER.OBJ
C:\USERS\LIWUEN\DESKTOP\TAREA COMPUTER GRAPHICS DROPBOX\NEW TESTS\SIMPLE_SHADING\SIMPLE_SHADING\MULTISHADER PART 1\MULTISHADER\RELEASE\TEXTFILE.OBJ
C:\USERS\LIWUEN\DESKTOP\TAREA COMPUTER GRAPHICS DROPBOX\NEW TESTS\SIMPLE_SHADING\SIMPLE_SHADING\MULTISHADER PART 1\MULTISHADER\RELEASE\TRIMODEL.OBJ
C:\USERS\LIWUEN\DESKTOP\TAREA COMPUTER GRAPHICS DROPBOX\NEW TESTS\SIMPLE_SHADING\SIMPLE_SHADING\MULTISHADER PART 1\MULTISHADER\RELEASE\VC100.PDB
C:\USERS\LIWUEN\DESKTOP\TAREA COMPUTER GRAPHICS DROPBOX\NEW TESTS\SIMPLE_SHADING\SIMPLE_SHADING\MULTISHADER PART 1\RELEASE\MULTISHADER.EXE
C:\USERS\LIWUEN\DESKTOP\TAREA COMPUTER GRAPHICS DROPBOX\NEW TESTS\SIMPLE_SHADING\SIMPLE_SHADING\MULTISHADER PART 1\RELEASE\MULTISHADER.PDB
C:\USERS\LIWUEN\DROPBOX\MAESTRIA NTU\SISTEMAS\TAREAS COMPUTER GRAPHICS\F01922152\MULTISHADER PART 1\MULTISHADER\RELEASE\CONTROLS.OBJ
C:\USERS\LIWUEN\DROPBOX\MAESTRIA NTU\SISTEMAS\TAREAS COMPUTER GRAPHICS\F01922152\MULTISHADER PART 1\MULTISHADER\RELEASE\MAIN.OBJ
C:\USERS\LIWUEN\DROPBOX\MAESTRIA NTU\SISTEMAS\TAREAS COMPUTER GRAPHICS\F01922152\MULTISHADER PART 1\MULTISHADER\RELEASE\MULTISHADER.EXE.INTERMEDIATE.MANIFEST
C:\USERS\LIWUEN\DROPBOX\MAESTRIA NTU\SISTEMAS\TAREAS COMPUTER GRAPHICS\F01922152\MULTISHADER PART 1\MULTISHADER\RELEASE\SHADER.OBJ
C:\USERS\LIWUEN\DROPBOX\MAESTRIA NTU\SISTEMAS\TAREAS COMPUTER GRAPHICS\F01922152\MULTISHADER PART 1\MULTISHADER\RELEASE\TEXTFILE.OBJ
C:\USERS\LIWUEN\DROPBOX\MAESTRIA NTU\SISTEMAS\TAREAS COMPUTER GRAPHICS\F01922152\MULTISHADER PART 1\MULTISHADER\RELEASE\TRIMODEL.OBJ
C:\USERS\LIWUEN\DROPBOX\MAESTRIA NTU\SISTEMAS\TAREAS COMPUTER GRAPHICS\F01922152\MULTISHADER PART 1\MULTISHADER\RELEASE\VC100.PDB
C:\USERS\LIWUEN\DROPBOX\MAESTRIA NTU\SISTEMAS\TAREAS COMPUTER GRAPHICS\F01922152\MULTISHADER PART 1\RELEASE\MULTISHADER.EXE
C:\USERS\LIWUEN\DROPBOX\MAESTRIA NTU\SISTEMAS\TAREAS COMPUTER GRAPHICS\F01922152\MULTISHADER PART 1\RELEASE\MULTISHADER.PDB
C:\USERS\LIWUEN\DROPBOX\MAESTRIA NTU\SISTEMAS\TAREAS COMPUTER GRAPHICS\MULTISHADER PART 1\MULTISHADER\RELEASE\CONTROLS.OBJ
C:\USERS\LIWUEN\DROPBOX\MAESTRIA NTU\SISTEMAS\TAREAS COMPUTER GRAPHICS\MULTISHADER PART 1\MULTISHADER\RELEASE\MAIN.OBJ
C:\USERS\LIWUEN\DROPBOX\MAESTRIA NTU\SISTEMAS\TAREAS COMPUTER GRAPHICS\MULTISHADER PART 1\MULTISHADER\RELEASE\MULTISHADER.EXE.INTERMEDIATE.MANIFEST
C:\USERS\LIWUEN\DROPBOX\MAESTRIA NTU\SISTEMAS\TAREAS COMPUTER GRAPHICS\MULTISHADER PART 1\MULTISHADER\RELEASE\SHADER.OBJ
C:\USERS\LIWUEN\DROPBOX\MAESTRIA NTU\SISTEMAS\TAREAS COMPUTER GRAPHICS\MULTISHADER PART 1\MULTISHADER\RELEASE\TEXTFILE.OBJ
C:\USERS\LIWUEN\DROPBOX\MAESTRIA NTU\SISTEMAS\TAREAS COMPUTER GRAPHICS\MULTISHADER PART 1\MULTISHADER\RELEASE\TRIMODEL.OBJ
C:\USERS\LIWUEN\DROPBOX\MAESTRIA NTU\SISTEMAS\TAREAS COMPUTER GRAPHICS\MULTISHADER PART 1\MULTISHADER\RELEASE\VC100.PDB
C:\USERS\LIWUEN\DROPBOX\MAESTRIA NTU\SISTEMAS\TAREAS COMPUTER GRAPHICS\MULTISHADER PART 1\RELEASE\MULTISHADER.EXE
C:\USERS\LIWUEN\DROPBOX\MAESTRIA NTU\SISTEMAS\TAREAS COMPUTER GRAPHICS\MULTISHADER PART 1\RELEASE\MULTISHADER.PDB
C:\USERS\LIWUEN\DROPBOX\MAESTRIA NTU\SISTEMAS\TAREAS COMPUTER GRAPHICS\NEW TESTS\SIMPLE_SHADING\SIMPLE_SHADING\MULTISHADER\MULTISHADER\RELEASE\CONTROLS.OBJ
C:\USERS\LIWUEN\DROPBOX\MAESTRIA NTU\SISTEMAS\TAREAS COMPUTER GRAPHICS\NEW TESTS\SIMPLE_SHADING\SIMPLE_SHADING\MULTISHADER\MULTISHADER\RELEASE\MAIN.OBJ
C:\USERS\LIWUEN\DROPBOX\MAESTRIA NTU\SISTEMAS\TAREAS COMPUTER GRAPHICS\NEW TESTS\SIMPLE_SHADING\SIMPLE_SHADING\MULTISHADER\MULTISHADER\RELEASE\MULTISHADER.EXE.INTERMEDIATE.MANIFEST
C:\USERS\LIWUEN\DROPBOX\MAESTRIA NTU\SISTEMAS\TAREAS COMPUTER GRAPHICS\NEW TESTS\SIMPLE_SHADING\SIMPLE_SHADING\MULTISHADER\MULTISHADER\RELEASE\SHADER.OBJ
C:\USERS\LIWUEN\DROPBOX\MAESTRIA NTU\SISTEMAS\TAREAS COMPUTER GRAPHICS\NEW TESTS\SIMPLE_SHADING\SIMPLE_SHADING\MULTISHADER\MULTISHADER\RELEASE\TEXTFILE.OBJ
C:\USERS\LIWUEN\DROPBOX\MAESTRIA NTU\SISTEMAS\TAREAS COMPUTER GRAPHICS\NEW TESTS\SIMPLE_SHADING\SIMPLE_SHADING\MULTISHADER\MULTISHADER\RELEASE\TRIMODEL.OBJ
C:\USERS\LIWUEN\DROPBOX\MAESTRIA NTU\SISTEMAS\TAREAS COMPUTER GRAPHICS\NEW TESTS\SIMPLE_SHADING\SIMPLE_SHADING\MULTISHADER\MULTISHADER\RELEASE\VC100.PDB
C:\USERS\LIWUEN\DROPBOX\MAESTRIA NTU\SISTEMAS\TAREAS COMPUTER GRAPHICS\NEW TESTS\SIMPLE_SHADING\SIMPLE_SHADING\MULTISHADER\RELEASE\MULTISHADER.EXE
C:\USERS\LIWUEN\DROPBOX\MAESTRIA NTU\SISTEMAS\TAREAS COMPUTER GRAPHICS\NEW TESTS\SIMPLE_SHADING\SIMPLE_SHADING\MULTISHADER\RELEASE\MULTISHADER.PDB
C:\USERS\LIWUEN\DROPBOX\TAREAS COMPUTER GRAPHICS\MULTISHADER PART 1\MULTISHADER\RELEASE\CONTROLS.OBJ
C:\USERS\LIWUEN\DROPBOX\TAREAS COMPUTER GRAPHICS\MULTISHADER PART 1\MULTISHADER\RELEASE\MAIN.OBJ
C:\USERS\LIWUEN\DROPBOX\TAREAS COMPUTER GRAPHICS\MULTISHADER PART 1\MULTISHADER\RELEASE\MULTISHADER.EXE.INTERMEDIATE.MANIFEST
C:\USERS\LIWUEN\DROPBOX\TAREAS COMPUTER GRAPHICS\MULTISHADER PART 1\MULTISHADER\RELEASE\SHADER.OBJ
C:\USERS\LIWUEN\DROPBOX\TAREAS COMPUTER GRAPHICS\MULTISHADER PART 1\MULTISHADER\RELEASE\TEXTFILE.OBJ
C:\USERS\LIWUEN\DROPBOX\TAREAS COMPUTER GRAPHICS\MULTISHADER PART 1\MULTISHADER\RELEASE\TRIMODEL.OBJ
C:\USERS\LIWUEN\DROPBOX\TAREAS COMPUTER GRAPHICS\MULTISHADER PART 1\MULTISHADER\RELEASE\VC100.PDB
C:\USERS\LIWUEN\DROPBOX\TAREAS COMPUTER GRAPHICS\MULTISHADER PART 1\RELEASE\MULTISHADER.EXE
C:\USERS\LIWUEN\DROPBOX\TAREAS COMPUTER GRAPHICS\MULTISHADER PART 1\RELEASE\MULTISHADER.PDB
C:\USERS\LIWUEN\DROPBOX\TAREAS COMPUTER GRAPHICS\NEW TESTS\SIMPLE_SHADING\SIMPLE_SHADING\MULTISHADER\MULTISHADER\RELEASE\CONTROLS.OBJ
C:\USERS\LIWUEN\DROPBOX\TAREAS COMPUTER GRAPHICS\NEW TESTS\SIMPLE_SHADING\SIMPLE_SHADING\MULTISHADER\MULTISHADER\RELEASE\MAIN.OBJ
C:\USERS\LIWUEN\DROPBOX\TAREAS COMPUTER GRAPHICS\NEW TESTS\SIMPLE_SHADING\SIMPLE_SHADING\MULTISHADER\MULTISHADER\RELEASE\MULTISHADER.EXE.INTERMEDIATE.MANIFEST
C:\USERS\LIWUEN\DROPBOX\TAREAS COMPUTER GRAPHICS\NEW TESTS\SIMPLE_SHADING\SIMPLE_SHADING\MULTISHADER\MULTISHADER\RELEASE\SHADER.OBJ
C:\USERS\LIWUEN\DROPBOX\TAREAS COMPUTER GRAPHICS\NEW TESTS\SIMPLE_SHADING\SIMPLE_SHADING\MULTISHADER\MULTISHADER\RELEASE\TEXTFILE.OBJ
C:\USERS\LIWUEN\DROPBOX\TAREAS COMPUTER GRAPHICS\NEW TESTS\SIMPLE_SHADING\SIMPLE_SHADING\MULTISHADER\MULTISHADER\RELEASE\TRIMODEL.OBJ
C:\USERS\LIWUEN\DROPBOX\TAREAS COMPUTER GRAPHICS\NEW TESTS\SIMPLE_SHADING\SIMPLE_SHADING\MULTISHADER\MULTISHADER\RELEASE\VC100.PDB
C:\USERS\LIWUEN\DROPBOX\TAREAS COMPUTER GRAPHICS\NEW TESTS\SIMPLE_SHADING\SIMPLE_SHADING\MULTISHADER\RELEASE\MULTISHADER.EXE
C:\USERS\LIWUEN\DROPBOX\TAREAS COMPUTER GRAPHICS\NEW TESTS\SIMPLE_SHADING\SIMPLE_SHADING\MULTISHADER\RELEASE\MULTISHADER.PDB
E:\COURSE\ICG\MULTISHADER\MULTISHADER\RELEASE\CONTROLS.OBJ
E:\COURSE\ICG\MULTISHADER\MULTISHADER\RELEASE\MAIN.OBJ
E:\COURSE\ICG\MULTISHADER\MULTISHADER\RELEASE\MULTISHADER.EXE.INTERMEDIATE.MANIFEST
E:\COURSE\ICG\MULTISHADER\MULTISHADER\RELEASE\SHADER.OBJ
E:\COURSE\ICG\MULTISHADER\MULTISHADER\RELEASE\TRIMODEL.OBJ
E:\COURSE\ICG\MULTISHADER\MULTISHADER\RELEASE\VC100.PDB
E:\COURSE\ICG\MULTISHADER\RELEASE\MULTISHADER.EXE
E:\COURSE\ICG\MULTISHADER\RELEASE\MULTISHADER.PDB
