Build started 2013/10/7 下午 02:35:54.
     1>Project "C:\Users\amsd\Documents\Visual Studio 2010\Projects\MultiShader\MultiShader\MultiShader.vcxproj" on node 2 (build target(s)).
     1>InitializeBuildStatus:
         Touching "Debug\MultiShader.unsuccessfulbuild".
       ClCompile:
         C:\Program Files (x86)\Microsoft Visual Studio 10.0\VC\bin\CL.exe /c /I"C:\Users\amsd\Documents\Visual Studio 2010\Projects\MultiShader\MultiShader\include" /I"C:\Users\amsd\Documents\Visual Studio 2010\Projects\MultiShader\MultiShader\include\glm" /I"C:\Users\amsd\Documents\Visual Studio 2010\Projects\MultiShader\MultiShader" /ZI /nologo /W3 /WX- /Od /Oy- /D WIN32 /D _DEBUG /D _CONSOLE /D _UNICODE /D UNICODE /Gm /EHsc /RTC1 /MDd /GS /fp:precise /Zc:wchar_t /Zc:forScope /Fo"Debug\\" /Fd"Debug\vc100.pdb" /Gd /TP /analyze- /errorReport:prompt main.cpp
         main.cpp
     1>c:\users\amsd\documents\visual studio 2010\projects\multishader\multishader\main.cpp(234): warning C4305: 'argument' : truncation from 'double' to 'float'
     1>c:\users\amsd\documents\visual studio 2010\projects\multishader\multishader\main.cpp(250): warning C4305: 'argument' : truncation from 'double' to 'float'
     1>c:\users\amsd\documents\visual studio 2010\projects\multishader\multishader\main.cpp(269): warning C4305: 'argument' : truncation from 'double' to 'float'
     1>c:\users\amsd\documents\visual studio 2010\projects\multishader\multishader\main.cpp(290): warning C4305: 'argument' : truncation from 'double' to 'float'
     1>c:\users\amsd\documents\visual studio 2010\projects\multishader\multishader\main.cpp(306): warning C4305: 'argument' : truncation from 'double' to 'float'
     1>c:\users\amsd\documents\visual studio 2010\projects\multishader\multishader\main.cpp(324): warning C4305: 'argument' : truncation from 'double' to 'float'
     1>c:\users\amsd\documents\visual studio 2010\projects\multishader\multishader\main.cpp(340): warning C4305: 'argument' : truncation from 'double' to 'float'
     1>c:\users\amsd\documents\visual studio 2010\projects\multishader\multishader\main.cpp(356): warning C4305: 'argument' : truncation from 'double' to 'float'
       ManifestResourceCompile:
         C:\Program Files (x86)\Microsoft SDKs\Windows\v7.0A\bin\rc.exe /nologo /fo"Debug\MultiShader.exe.embed.manifest.res" Debug\MultiShader_manifest.rc 
       Link:
         C:\Program Files (x86)\Microsoft Visual Studio 10.0\VC\bin\link.exe /ERRORREPORT:PROMPT /OUT:"C:\Users\amsd\Documents\Visual Studio 2010\Projects\MultiShader\Debug\MultiShader.exe" /INCREMENTAL /NOLOGO /LIBPATH:"C:\Users\amsd\Documents\Visual Studio 2010\Projects\MultiShader\MultiShader\lib" glew32.lib glew32s.lib glfw3.lib glfw3dll.lib glu32.lib opengl32.lib kernel32.lib user32.lib gdi32.lib winspool.lib comdlg32.lib advapi32.lib shell32.lib ole32.lib oleaut32.lib uuid.lib odbc32.lib odbccp32.lib /MANIFEST /ManifestFile:"Debug\MultiShader.exe.intermediate.manifest" /MANIFESTUAC:"level='asInvoker' uiAccess='false'" /DEBUG /PDB:"C:\Users\amsd\Documents\Visual Studio 2010\Projects\MultiShader\Debug\MultiShader.pdb" /SUBSYSTEM:CONSOLE /TLBID:1 /DYNAMICBASE /NXCOMPAT /IMPLIB:"C:\Users\amsd\Documents\Visual Studio 2010\Projects\MultiShader\Debug\MultiShader.lib" /MACHINE:X86 Debug\MultiShader.exe.embed.manifest.res
         Debug\controls.obj
         Debug\main.obj
         Debug\shader.obj
         Debug\TRIModel.obj
     1>LINK : warning LNK4098: defaultlib 'MSVCRT' conflicts with use of other libs; use /NODEFAULTLIB:library
       Manifest:
         C:\Program Files (x86)\Microsoft SDKs\Windows\v7.0A\bin\mt.exe /nologo /verbose /out:"Debug\MultiShader.exe.embed.manifest" /manifest Debug\MultiShader.exe.intermediate.manifest
         C:\Program Files (x86)\Microsoft SDKs\Windows\v7.0A\bin\rc.exe /nologo /fo"Debug\MultiShader.exe.embed.manifest.res" Debug\MultiShader_manifest.rc 
       LinkEmbedManifest:
         C:\Program Files (x86)\Microsoft Visual Studio 10.0\VC\bin\link.exe /ERRORREPORT:PROMPT /OUT:"C:\Users\amsd\Documents\Visual Studio 2010\Projects\MultiShader\Debug\MultiShader.exe" /INCREMENTAL /NOLOGO /LIBPATH:"C:\Users\amsd\Documents\Visual Studio 2010\Projects\MultiShader\MultiShader\lib" glew32.lib glew32s.lib glfw3.lib glfw3dll.lib glu32.lib opengl32.lib kernel32.lib user32.lib gdi32.lib winspool.lib comdlg32.lib advapi32.lib shell32.lib ole32.lib oleaut32.lib uuid.lib odbc32.lib odbccp32.lib /MANIFEST /ManifestFile:"Debug\MultiShader.exe.intermediate.manifest" /MANIFESTUAC:"level='asInvoker' uiAccess='false'" /DEBUG /PDB:"C:\Users\amsd\Documents\Visual Studio 2010\Projects\MultiShader\Debug\MultiShader.pdb" /SUBSYSTEM:CONSOLE /TLBID:1 /DYNAMICBASE /NXCOMPAT /IMPLIB:"C:\Users\amsd\Documents\Visual Studio 2010\Projects\MultiShader\Debug\MultiShader.lib" /MACHINE:X86 Debug\MultiShader.exe.embed.manifest.res
         Debug\controls.obj
         Debug\main.obj
         Debug\shader.obj
         Debug\TRIModel.obj
     1>LINK : warning LNK4098: defaultlib 'MSVCRT' conflicts with use of other libs; use /NODEFAULTLIB:library
         MultiShader.vcxproj -> C:\Users\amsd\Documents\Visual Studio 2010\Projects\MultiShader\Debug\MultiShader.exe
       FinalizeBuildStatus:
         Deleting file "Debug\MultiShader.unsuccessfulbuild".
         Touching "Debug\MultiShader.lastbuildstate".
     1>Done Building Project "C:\Users\amsd\Documents\Visual Studio 2010\Projects\MultiShader\MultiShader\MultiShader.vcxproj" (build target(s)).

Build succeeded.

Time Elapsed 00:00:04.88
